

=== Process start 2025-11-21 06:57:28.360808 ===

>>> VIDEO 1/79: eY--6WX1hAQ | [CS116 - Lập trình Python cho Máy học] Video 1.1: Giới thiệu môn học
⏭ Skipped (exists)

>>> VIDEO 2/79: _BGaEHA1U6s | [CS116 -  Lập trình Python cho Máy học] Video 1.2.1: Lập trình Python - Biến và kiểu dữ liệu (P1)
⏭ Skipped (exists)

>>> VIDEO 3/79: xaUMWpT1mUI | [CS116 -  Lập trình Python cho Máy học] Video 1.3&1.4: Lập trình Python - Lệnh rẽ nhánh và vòng lặp
⏭ Skipped (exists)

>>> VIDEO 4/79: CkX4yE2fN1w | [CS116 -  Lập trình Python cho Máy học] Video 1.5: Lập trình Python -  Hàm
⏭ Skipped (exists)

>>> VIDEO 5/79: TqORZBSitQU | [CS116 -  Lập trình Python cho Máy học] Video 1.2.3: Lập trình Python - Biến và kiểu dữ liệu (P3)
⏭ Skipped (exists)

>>> VIDEO 6/79: Khz_kSZ-91M | [CS116 -  Lập trình Python cho Máy học] Video 1.6.2: Lập trình Python - Hướng đối tượng (P2)
⏭ Skipped (exists)

>>> VIDEO 7/79: 0ycFt1_Ph58 | [CS116 -  Lập trình Python cho Máy học] Video 1.6.1: Lập trình Python - Hướng đối tượng (P1)
⏭ Skipped (exists)

>>> VIDEO 8/79: 1a7AxTRLrlQ | [CS116 -  Lập trình Python cho Máy học] Video 1.2.2: Lập trình Python - Biến và kiểu dữ liệu (P2)
⏭ Skipped (exists)

>>> VIDEO 9/79: oXy25Wt6rdE | [CS116 - Buổi 2] Part 1
⏭ Skipped (exists)

>>> VIDEO 10/79: Apb2REK9UqA | [CS116 - Buổi 2] Part 2
⏭ Skipped (exists)

>>> VIDEO 11/79: g8uw5jp2pi0 | [CS116 - Buổi 2] Part 3
⏭ Skipped (exists)

>>> VIDEO 12/79: B1LCA6nxyCs | [CS116 - Buổi 2] Part 4
⏭ Skipped (exists)

>>> VIDEO 13/79: 0ozeUUS9DzQ | [CS116 - Buổi 2] Part 4 (tt)
⏭ Skipped (exists)

>>> VIDEO 14/79: pBrGDARCTE8 | [CS116 - Buổi 2] Part 5
⏭ Skipped (exists)

>>> VIDEO 15/79: dDjSutHDckw | [CS116 - Buổi 2] Part 6
⏭ Skipped (exists)

>>> VIDEO 16/79: kuDPIIsl2_8 | [CS116 - Buổi 3] Part 1
⏭ Skipped (exists)

>>> VIDEO 17/79: lG95Eg3Hv7c | [CS116 - Buổi 3] Part 2
⏭ Skipped (exists)

>>> VIDEO 18/79: 7bb6IFBgtfw | [CS116 - Buổi 3] Part 3
⏭ Skipped (exists)

>>> VIDEO 19/79: oZa-m3pb1SQ | [CS116 - Buổi 3] Part 3 (tt)
⏭ Skipped (exists)

>>> VIDEO 20/79: lIePeARVnH0 | [CS116 - Buổi 4] Part 1
⏭ Skipped (exists)

>>> VIDEO 21/79: KgNMHIB8Aoc | [CS116 - Buổi 4] Part 2
⏭ Skipped (exists)

>>> VIDEO 22/79: GA7IpvwIQTQ | [CS116 - Buổi 4] Part 3
⏭ Skipped (exists)

>>> VIDEO 23/79: pIuM6XnJjD4 | [CS116 - Buổi 4] Part 4
⏭ Skipped (exists)

>>> VIDEO 24/79: jEWheFdYryo | [CS116 - Buổi 4] Part 6
⏭ Skipped (exists)

>>> VIDEO 25/79: dckcCVv4tUI | [CS116 - Buổi 4] Part 6 (tt)
⏭ Skipped (exists)

>>> VIDEO 26/79: GanRdKpk31I | [CS116 - Buổi 5] Part 1
⏭ Skipped (exists)

>>> VIDEO 27/79: HJleMrK28qc | [CS116 - Buổi 5] Part 2
⏭ Skipped (exists)

>>> VIDEO 28/79: QUIZn8fpTpI | [CS116 - Buổi 5] Part 3
⏭ Skipped (exists)

>>> VIDEO 29/79: tEV-Ie0kCsc | [CS116 - Buổi 5] Part 3 (tt)
⏭ Skipped (exists)

>>> VIDEO 30/79: ZO3SVFww3ZQ | [CS116 - Buổi 5] Part 4
⏭ Skipped (exists)

>>> VIDEO 31/79: ANx3DPwHEGI | [CS116 - Buổi 6] Part 1
⏭ Skipped (exists)

>>> VIDEO 32/79: KBu_8C3KULg | [CS116 - Buổi 6] Part 2
⏭ Skipped (exists)

>>> VIDEO 33/79: NJ0rjEK0L78 | [CS116 - Buổi 6] Part 2 (tt)
⏭ Skipped (exists)

>>> VIDEO 34/79: 5Hr7WDN8QKI | [CS116 - Buổi 6] Part 3
⏭ Skipped (exists)

>>> VIDEO 35/79: Oc2dKYMWUx0 | [CS116 - Buổi 6] Part  3 (tt)
⏭ Skipped (exists)

>>> VIDEO 36/79: kJnJszwQlz8 | [CS116 - Buổi 7] Part 0
⏭ Skipped (exists)

>>> VIDEO 37/79: A6vU3I4CK6U | [CS116 - Buổi 7] Part 1
⏭ Skipped (exists)

>>> VIDEO 38/79: 73-FbhDr_Po | [CS116 - Buổi 7] Part 2
⏭ Skipped (exists)

>>> VIDEO 39/79: CYj_-IiXSIg | [CS116 - Buổi 7] Part 3
⏭ Skipped (exists)

>>> VIDEO 40/79: B5cpY9SY7CY | [CS116 - Buổi 7] Part 4
⏭ Skipped (exists)

>>> VIDEO 41/79: UCmTraNX7QA | [CS116 - Buổi 8] Part 5
⏭ Skipped (exists)

>>> VIDEO 42/79: zTEi9Q92mdg | [CS116 - Buổi 8] Part 6
⏭ Skipped (exists)

>>> VIDEO 43/79: gSbV7SypJa4 | [CS116 - Buổi 8] Part 6 (tt)
⏭ Skipped (exists)

>>> VIDEO 44/79: X--mLc-PW-o | [CS116 - Buổi 8] Part 8
⏭ Skipped (exists)

>>> VIDEO 45/79: 7w5EiDHtIII | [CS116 - Buổi 8] Part 9
⏭ Skipped (exists)

>>> VIDEO 46/79: ccgq3dzD0A4 | [CS116 - Buổi 8] Part 10
⏭ Skipped (exists)

>>> VIDEO 47/79: xD-o-30NeBA | [CS116 - Buổi 9] Part 1
⏭ Skipped (exists)

>>> VIDEO 48/79: uhwita1uhlA | [CS116 - Buổi 9] Part 2_0
⏭ Skipped (exists)

>>> VIDEO 49/79: CN9KChN5skw | [CS116 - Buổi 9] Part 2_1
⏭ Skipped (exists)

>>> VIDEO 50/79: YyTbZa-WmHY | [CS116 - Buổi 10] Part 3_0
⏭ Skipped (exists)

>>> VIDEO 51/79: usMgo0mKV3A | [CS116 - Buổi 10] Part 3_1
⏭ Skipped (exists)

>>> VIDEO 52/79: MrCfY40azyU | [CS116 - Buổi 10] Part 4_0
⏭ Skipped (exists)

>>> VIDEO 53/79: P_og-OmyL44 | [CS116 - Buổi 10] Part 4_1
⏭ Skipped (exists)

>>> VIDEO 54/79: oyZngWDeRb4 | [CS116 - Buổi 11] Part 1
⏭ Skipped (exists)

>>> VIDEO 55/79: zk9bnirI-cs | [CS116 - Buổi 11] Part 2
⏭ Skipped (exists)

>>> VIDEO 56/79: piHxNCYpMLk | [CS116 - Buổi 11] Part 3
⏭ Skipped (exists)

>>> VIDEO 57/79: Lt0azzH_htk | [CS116 - Buổi 11] Part 4
⏭ Skipped (exists)

>>> VIDEO 58/79: NW8fWHdiAME | [CS116 - Buổi 11] Part 5
⏭ Skipped (exists)

>>> VIDEO 59/79: yPGYgh-J3uY | [CS116 - Buổi 13] Part 1
⏭ Skipped (exists)

>>> VIDEO 60/79: 7yfomH4cNXI | [CS116 - Buổi 13] Part 2
⏭ Skipped (exists)

>>> VIDEO 61/79: 1XtVmBf5vGA | [CS116 - Buổi 13] Part 3_0
⏭ Skipped (exists)

>>> VIDEO 62/79: gnpctQm2TkI | [CS116 - Buổi 13] Part 3_1
⏭ Skipped (exists)

>>> VIDEO 63/79: K9YoXQq0TjI | [CS116 - Buổi 13] Part 4
⏭ Skipped (exists)

>>> VIDEO 64/79: hPxWhkAgyYw | [CS116 - Buổi 4] Part 5_1
⏭ Skipped (exists)

>>> VIDEO 65/79: f_rMY30-bRQ | [CS116 - Buổi 4] Part 5_2
⏭ Skipped (exists)

>>> VIDEO 66/79: sDmzaaAv3Pc | [CS116 - Buổi 8] Part 7_1
⏭ Skipped (exists)

>>> VIDEO 67/79: Gnb5JI9ynU4 | [CS116 - Buổi 8] Part 7_2
⏭ Skipped (exists)

>>> VIDEO 68/79: Lqxy5wcEi9I | [CS116 - Buổi 14] Part 1_1
⏭ Skipped (exists)

>>> VIDEO 69/79: kylIGUKrEsA | [CS116 - Buổi 14] Part 1_2
⏭ Skipped (exists)

>>> VIDEO 70/79: WSGSbmgzO3M | [CS116 - Buổi 14] Part 2_1
⏭ Skipped (exists)

>>> VIDEO 71/79: zpcI-PT_MjE | [CS116 - Buổi 14] Part 2_2
⏭ Skipped (exists)

>>> VIDEO 72/79: aevGbPj9y6k | [CS116 - Buổi 14] Part 2_3
⏭ Skipped (exists)

>>> VIDEO 73/79: fHQuBYhg_pA | [CS116 - Buổi 14] Part 3_1
⏭ Skipped (exists)

>>> VIDEO 74/79: pWrRBwgKqPQ | [CS116 - Buổi 14] Part 3_2
⏭ Skipped (exists)

>>> VIDEO 75/79: pB7Y3ytmjZ0 | [CS116 - Buổi 14] Part 3_3
⏭ Skipped (exists)

>>> VIDEO 76/79: 2AfXTKxyUd8 | [CS116 - Buổi 14] Part 4
⏭ Skipped (exists)

>>> VIDEO 77/79: WWRZF5x7Hqo | [CS116 - Buổi 14] Part 5_1
⏭ Skipped (exists)

>>> VIDEO 78/79: dJaFUvTRrTw | [CS116 - Buổi 14] Part 5_2
⏭ Skipped (exists)

>>> VIDEO 79/79: CHywALVycG4 | [CS116 - Buổi 14] Part 5_3
⏭ Skipped (exists)

=== Done 2025-11-21 07:08:00.478555 | success=79, fail=0 ===
