

=== Process start 2025-11-21 06:37:57.741432 ===

>>> VIDEO 1/74: lO0rvNo-49s | [CS315 - Chương 1] Gradient based model - Phần 10 - Part 4 (New)
⏭ Skipped (exists)

>>> VIDEO 2/74: m19884tczqs | [CS315 - Chương 1] Gradient based model - Phần 10 - Part 3 (New)
⏭ Skipped (exists)

>>> VIDEO 3/74: GRB4B1tWnEo | [CS315 - Chương 1] Gradient based model - Phần 10 - Part 2 (New)
⏭ Skipped (exists)

>>> VIDEO 4/74: B_yXn7nINWM | [CS315 - Chương 1] Gradient based model - Phần 7 (New)
⏭ Skipped (exists)

>>> VIDEO 5/74: wAAPpfRTckg | [CS315 - Chương 1] Gradient based model - Phần 5 (New)
⏭ Skipped (exists)

>>> VIDEO 6/74: JSVPNZhpf2g | [CS315 - Chương 1] Gradient based model - Phần 3 (New)
⏭ Skipped (exists)

>>> VIDEO 7/74: QZrUqMbEY8Q | [CS315 - Chương 1] Gradient based model - Phần 1 (New)
⏭ Skipped (exists)

>>> VIDEO 8/74: TgONnvdebwU | [CS315 - Chương 4] Vision - Language Model (2): Part 4
⏭ Skipped (exists)

>>> VIDEO 9/74: 2cyeOg51SlE | [CS315 - Chương 4] Vision - Language Model (2): Part 3
⏭ Skipped (exists)

>>> VIDEO 10/74: 088gBBCryJI | [CS315 - Chương 4] Vision - Language Model (2): Part 2
⏭ Skipped (exists)

>>> VIDEO 11/74: XNqplvgdCKU | [CS315 - Chương 4] Vision - Language Model (2): Part 1
⏭ Skipped (exists)

>>> VIDEO 12/74: zbR5lDFTKTM | [CS315 - Chương 4] Vision - Language Model (1): Part 6
⏭ Skipped (exists)

>>> VIDEO 13/74: p71NOY7qzCc | [CS315 - Chương 4] Vision - Language Model (1): Part 5
⏭ Skipped (exists)

>>> VIDEO 14/74: uFYNI0yZYPo | [CS315 - Chương 4] Vision - Language Model (1): Part 4
⏭ Skipped (exists)

>>> VIDEO 15/74: qV3LpPXdXCE | [CS315 - Chương 4] Vision - Language Model (1): Part 3
⏭ Skipped (exists)

>>> VIDEO 16/74: FVLj-OJBLyI | [CS315 - Chương 4] Vision - Language Model (1): Part 2 (Phần 2)
⏭ Skipped (exists)

>>> VIDEO 17/74: 2s07XUliDHY | [CS315 - Chương 4] Vision - Language Model (1): Part 2 (Phần 1)
⏭ Skipped (exists)

>>> VIDEO 18/74: CYB6T-bfSCg | [CS315 - Chương 4] Vision - Language Model (1): Part 1
⏭ Skipped (exists)

>>> VIDEO 19/74: 1bO6WwfVibE | [CS315 - Chương 4] Tutorial - Contrastive Learning
⏭ Skipped (exists)

>>> VIDEO 20/74: yPzXzbEhUW0 | [CS315 - Chương 4] Tutorial - CLIP
⏭ Skipped (exists)

>>> VIDEO 21/74: RVj2LTBd7IU | [CS315 - Chương 3] Deep Generative Models (1) - Part 5 (Phần 3)
⏭ Skipped (exists)

>>> VIDEO 22/74: fiDM76zR6UY | [CS315 - Chương 3] Tutorial - GAN
⏭ Skipped (exists)

>>> VIDEO 23/74: 8a4DWVmabDg | [CS315 - Chương 3] Tutorial - VAE
⏭ Skipped (exists)

>>> VIDEO 24/74: t5t5G61ZtAg | [CS315 - Chương 3] Tutorial - AE (Phần 2)
⏭ Skipped (exists)

>>> VIDEO 25/74: xSEyCajJWVo | [CS315 - Chương 3] Tutorial - AE (Phần 1)
⏭ Skipped (exists)

>>> VIDEO 26/74: --6FInuIyys | [CS315 - Chương 3] Deep Generative Models (2) - Tổng kết
⏭ Skipped (exists)

>>> VIDEO 27/74: nZc5vWo2Rrg | [CS315 - Chương 3] Deep Generative Models (2) - Part 8
⏭ Skipped (exists)

>>> VIDEO 28/74: 79WZow7G8fE | [CS315 - Chương 3] Deep Generative Models (2) - Part 7
⏭ Skipped (exists)

>>> VIDEO 29/74: VrmJPvNSoqM | [CS315 - Chương 3] Deep Generative Models (2) - Part 6 (Phần 2)
⏭ Skipped (exists)

>>> VIDEO 30/74: ZS8Ny8QSPQQ | [CS315 - Chương 3] Deep Generative Models (2) - Part 6 (Phần 1)
⏭ Skipped (exists)

>>> VIDEO 31/74: p7P_K5NzZo4 | [CS315 - Chương 3] Deep Generative Models (2) - Part 5
⏭ Skipped (exists)

>>> VIDEO 32/74: qCEs0PIGwek | [CS315 - Chương 3] Deep Generative Models (2) - Part 3
⏭ Skipped (exists)

>>> VIDEO 33/74: NJVpvCzceRk | [CS315 - Chương 3] Deep Generative Models (2) - Part 4
⏭ Skipped (exists)

>>> VIDEO 34/74: Hrmm1B6sR8g | [CS315 - Chương 3] Deep Generative Models (2) - Part 2
⏭ Skipped (exists)

>>> VIDEO 35/74: SCNZncN1Hvk | [CS315 - Chương 3] Deep Generative Models (2) - Part 1
⏭ Skipped (exists)

>>> VIDEO 36/74: N6F7elExenE | [CS315 - Chương 3] Deep Generative Models (1) - Part 5 (Phần 2)
⏭ Skipped (exists)

>>> VIDEO 37/74: CLsUzFx203A | [CS315 - Chương 3] Deep Generative Models (1) - Part 5 (Phần 1)
⏭ Skipped (exists)

>>> VIDEO 38/74: -2bJ_8EO9ZE | [CS315 - Chương 3] Deep Generative Models (1) - Part 4
⏭ Skipped (exists)

>>> VIDEO 39/74: ZMtZ2jeujIU | [CS315 - Chương 3] Deep Generative Models (1) - Part 3 (Phần 2)
⏭ Skipped (exists)

>>> VIDEO 40/74: peYaH97QeEw | [CS315 - Chương 3] Deep Generative Models (1) - Part 3 (Phần 1)
⏭ Skipped (exists)

>>> VIDEO 41/74: mrI-KCWTr2I | [CS315 - Chương 3] Deep Generative Models (1) - Part 2
⏭ Skipped (exists)

>>> VIDEO 42/74: hrxNKadDpw4 | [CS315 - Chương 3] Deep Generative Models (1) - Part 1
⏭ Skipped (exists)

>>> VIDEO 43/74: zxd9u6PjOtw | [CS315 - Chương 2] Tutorial - CNN (Phần 2)
⏭ Skipped (exists)

>>> VIDEO 44/74: 2NThga7SQ-I | [CS315 - Chương 2] Tutorial - CNN (Phần 1)
⏭ Skipped (exists)

>>> VIDEO 45/74: oLsDzI7yn0E | [CS315 - Chương 2] Kết luận
⏭ Skipped (exists)

>>> VIDEO 46/74: PFMQfuOaEWA | [CS315 - Chương 2] Sự tiến hóa của các mô hình chuỗi (Phần 2)
✓ API transcript OK

>>> VIDEO 47/74: -7JWQptLoMQ | [CS315 - Chương 2] Sự tiến hóa của các mô hình chuỗi (Phần 1)
⏭ Skipped (exists)

>>> VIDEO 48/74: 7SZcwTvSzO4 | [CS315 - Chương 2] Các biến thể của CNN (Phần 2)
⏭ Skipped (exists)

>>> VIDEO 49/74: Kih2WcksxyM | [CS315 - Chương 2] Các biến thể của CNN (Phần 1)
⏭ Skipped (exists)

>>> VIDEO 50/74: HKbzvh4rDw0 | [CS315 - Chương 2] Xu hướng chung của CNN
⏭ Skipped (exists)

>>> VIDEO 51/74: iQqNUKgIZpc | [CS315 - Chương 2] Vanishing Gradient (Phần 3)
⏭ Skipped (exists)

>>> VIDEO 52/74: DSmR6JSwx5I | [CS315 - Chương 2] Vanishing Gradient (Phần 2)
⏭ Skipped (exists)

>>> VIDEO 53/74: FMhXMbROI-o | [CS315 - Chương 2] Vanishing Gradient (Phần 1)
⏭ Skipped (exists)

>>> VIDEO 54/74: 5Wpw2EsSz40 | [CS315 - Chương 2] Overfitting (Phần 2)
⏭ Skipped (exists)

>>> VIDEO 55/74: Qj6HkeNtIuI | [CS315 - Chương 2] Overfitting (Phần 1)
⏭ Skipped (exists)

>>> VIDEO 56/74: nutq54Y8sH4 | [CS315 - Chương 2] Giới thiệu chương
⏭ Skipped (exists)

>>> VIDEO 57/74: Ds8mbsbarxs | [CS315 - Chương 1] Tutorial - Neural Network
⏭ Skipped (exists)

>>> VIDEO 58/74: BTw0GqL0YK0 | [CS315 - Chương 1] Tutorial - Momentum
⏭ Skipped (exists)

>>> VIDEO 59/74: 6VIywjiErJs | [CS315 - Chương 1] Tutorial - Gradient Descent (Phần 2)
⏭ Skipped (exists)

>>> VIDEO 60/74: FCZXP4oCiFc | [CS315 - Chương 1] Tutorial - Gradient Descent (Phần 1)
⏭ Skipped (exists)

>>> VIDEO 61/74: Vm18bFk-RsI | [CS315 - Chương 0] Giới thiệu môn học (Phần 3)
⏭ Skipped (exists)

>>> VIDEO 62/74: _HLKpylxwMw | [CS315 - Chương 0] Giới thiệu môn học (Phần 2)
⏭ Skipped (exists)

>>> VIDEO 63/74: RU8d6QAuX0k | [CS315 - Chương 0] Giới thiệu môn học (Phần 1)
⏭ Skipped (exists)

>>> VIDEO 64/74: NqnUZDkYvM0 | [CS315 - Chương 1] Mô hình học máy dựa trên Gradient (Phần 11)
⏭ Skipped (exists)

>>> VIDEO 65/74: NEK5lIyST0M | [CS315 - Chương 1] Mô hình học máy dựa trên Gradient (Phần 10)
⏭ Skipped (exists)

>>> VIDEO 66/74: wus3iZ0TTFk | [CS315 - Chương 1] Mô hình học máy dựa trên Gradient (Phần 9)
⏭ Skipped (exists)

>>> VIDEO 67/74: 0PqzYo2Z-20 | [CS315 - Chương 1] Mô hình học máy dựa trên Gradient (Phần 8)
⏭ Skipped (exists)

>>> VIDEO 68/74: 3TT7y2Nz-vc | [CS315 - Chương 1] Mô hình học máy dựa trên Gradient (Phần 7)
⏭ Skipped (exists)

>>> VIDEO 69/74: VK2w0CO8t1M | [CS315 - Chương 1] Mô hình học máy dựa trên Gradient (Phần 6)
⏭ Skipped (exists)

>>> VIDEO 70/74: xgJniBOVdL8 | [CS315 - Chương 1] Mô hình học máy dựa trên Gradient (Phần 5)
⏭ Skipped (exists)

>>> VIDEO 71/74: HWWlm40wQ-s | [CS315 - Chương 1] Mô hình học máy dựa trên Gradient (Phần 4)
⏭ Skipped (exists)

>>> VIDEO 72/74: CtOfKuiy_uc | [CS315 - Chương 1] Mô hình học máy dựa trên Gradient (Phần 3)
⏭ Skipped (exists)

>>> VIDEO 73/74: pCeNKsO8prM | [CS315 - Chương 1] Mô hình học máy dựa trên Gradient (Phần 2)
⏭ Skipped (exists)

>>> VIDEO 74/74: 80PUcgaI5Y0 | [CS315 - Chương 1] Mô hình học máy dựa trên Gradient (Phần 1)
⏭ Skipped (exists)

=== Done 2025-11-21 06:47:50.852154 | success=74, fail=0 ===
