

=== Process start 2025-11-17 20:36:13.397491 ===

>>> VIDEO 1/70: 6sTFEFKDDqI | [CS431 - Các kĩ thuật học sâu và ứng dụng] Video 1.1: Giới thiệu môn học
⚠ API failed → Whisper
✓ Whisper transcript OK

>>> VIDEO 2/70: zuBsXtdWlyQ | [CS431 - Các kĩ thuật học sâu và ứng dụng] Video 1.2: Lịch sử AI và thành tựu của Deep learning
⚠ API failed → Whisper
✓ Whisper transcript OK

>>> VIDEO 3/70: CYWH9ZBN5Gc | [CS431 - Các kĩ thuật học sâu và ứng dụng] Video 1.3.1: Ôn tập nền tảng đại số tuyến tính (Part 1)
⚠ API failed → Whisper
✓ Whisper transcript OK

>>> VIDEO 4/70: 88y0wnXxCUo | [CS431 - Các kĩ thuật học sâu và ứng dụng] Video 1.3.3: Ôn tập nền tảng đại số tuyến tính (Part 3)
⚠ API failed → Whisper
✓ Whisper transcript OK

>>> VIDEO 5/70: N-9Uq1_lIzI | [CS431 - Các kĩ thuật học sâu và ứng dụng] Video 1.3.2: Ôn tập nền tảng đại số tuyến tính (Part 2)
⚠ API failed → Whisper
✓ Whisper transcript OK

>>> VIDEO 6/70: YSi7G6hDhks | [CS431 - Các kĩ thuật học sâu và ứng dụng] Video 1.4.2: Ôn tập nền tảng giải tích (Part 2)
⚠ API failed → Whisper
✓ Whisper transcript OK

>>> VIDEO 7/70: jwfLIgOeneE | [CS431 - Các kĩ thuật học sâu và ứng dụng] Video 1.4.1: Ôn tập nền tảng giải tích (Part 1)
⚠ API failed → Whisper
✓ Whisper transcript OK

>>> VIDEO 8/70: qPQT04u0kCs | [CS431 - Các kĩ thuật học sâu và ứng dụng] Video 1.3.4: Ôn tập nền tảng đại số tuyến tính (Part 4)
⚠ API failed → Whisper
✓ Whisper transcript OK

>>> VIDEO 9/70: GdKIVY6CsTw | [CS431 - Chương 2] Part 1: Mô hình học tổng quát
⚠ API failed → Whisper
✓ Whisper transcript OK

>>> VIDEO 10/70: m8uqtMEg8-E | [CS431 - Chương 2] Part 2a_1: Mô hình hồi quy tuyến tính (Linear Regression)
⚠ API failed → Whisper
✓ Whisper transcript OK

>>> VIDEO 11/70: MtJDVr5xHB4 | [CS431 - Chương 2] Part 2a_2: Mô hình hồi quy tuyến tính (Linear Regression)
⚠ API failed → Whisper
✓ Whisper transcript OK

>>> VIDEO 12/70: T2xJmTiRM5o | [CS431 - Chương 2] Part 3a: Mô hình hồi quy luận lý (Logistic Regression)
⚠ API failed → Whisper
✓ Whisper transcript OK

>>> VIDEO 13/70: G4lcEPrfETo | [CS431 - Chương 2] Part 4a: Mô hình hồi quy Softmax (SoftmaxRegression)
⚠ API failed → Whisper
✓ Whisper transcript OK

>>> VIDEO 14/70: aXB_C9IAyMg | [CS431 - Chương 2] Part 5a: Mạng neural Network (Neural Network)
⚠ API failed → Whisper
✓ Whisper transcript OK

>>> VIDEO 15/70: jl9v7IDMTsk | [CS431 - Chương 2] Part 3b_1: Cài đặt mô hình logistic regression
⚠ API failed → Whisper
✓ Whisper transcript OK

>>> VIDEO 16/70: istYhrhklqs | [CS431 - Chương 2] Part 3b_2: Cài đặt mô hình logistic regression
⚠ API failed → Whisper
✓ Whisper transcript OK

>>> VIDEO 17/70: G71D3dacAds | [CS431 - Chương 2] Part 4b: Cài đặt mô hình softmax regression
⚠ API failed → Whisper
✓ Whisper transcript OK

>>> VIDEO 18/70: DGNdZGdwihs | [CS431 - Chương 2] Part 5b_1: Cài đặt mạng neural network
⚠ API failed → Whisper
✓ Whisper transcript OK

>>> VIDEO 19/70: XBS1JuTrxVI | [CS431 - Chương 2] Part 5b_2: Cài đặt mạng neural network
⚠ API failed → Whisper
✓ Whisper transcript OK

>>> VIDEO 20/70: q3oZyk3l8EU | [CS431 - Chương 3] Part 1: Giới thiệu mạng CNN
⚠ API failed → Whisper
✓ Whisper transcript OK

>>> VIDEO 21/70: SKcHedTJIL0 | [CS431 - Chương 3] Part 2_1: Một số thành phần của mạng CNN
⚠ API failed → Whisper
✓ Whisper transcript OK

>>> VIDEO 22/70: A3iFEk5jllM | [CS431 - Chương 3] Part 2_2: Một số thành phần của mạng CNN
⚠ API failed → Whisper
✓ Whisper transcript OK

>>> VIDEO 23/70: KeNRQw9j_ps | [CS431 - Chương 3] Part 3_1: Cài đặt mạng CNN
⚠ API failed → Whisper
✓ Whisper transcript OK

>>> VIDEO 24/70: TNrJYPuDADM | [CS431 - Chương 3] Part 3_2: Cài đặt mạng CNN
⚠ API failed → Whisper
✓ Whisper transcript OK

>>> VIDEO 25/70: rVpEwMijtvQ | [CS431 - Chương 3] Part 3_3: Cài đặt mạng CNN
⚠ API failed → Whisper
✓ Whisper transcript OK

>>> VIDEO 26/70: 7YLMIKqygPU | [CS431 - Chương 3] Part 4_1: Trực quan hóa mạng CNN
⚠ API failed → Whisper
✓ Whisper transcript OK

>>> VIDEO 27/70: gmQTGRTHH2o | [CS431 - Chương 3] Part 4_2: Trực quan hóa mạng CNN
⚠ API failed → Whisper
✓ Whisper transcript OK

>>> VIDEO 28/70: PyC3pl_r8jw | [CS431 - Chương 4] Part 1_1: Ôn tập kiến trúc mạng CNN và một số biến thể phổ biến hiện nay
⚠ API failed → Whisper
✓ Whisper transcript OK

>>> VIDEO 29/70: KoBIBuqGb9A | [CS431 - Chương 4] Part 1_2: Ôn tập kiến trúc mạng CNN và một số biến thể phổ biến hiện nay
⚠ API failed → Whisper
✓ Whisper transcript OK

>>> VIDEO 30/70: tMKUb4k5nZw | [CS431 - Chương 4] Part 1_3: Ôn tập kiến trúc mạng CNN và một số biến thể phổ biến hiện nay
⚠ API failed → Whisper
✓ Whisper transcript OK

>>> VIDEO 31/70: MNHY9TA4fZs | [CS431 - Chương 4] Part 1_4: Ôn tập kiến trúc mạng CNN và một số biến thể phổ biến hiện nay
⚠ API failed → Whisper
✓ Whisper transcript OK

>>> VIDEO 32/70: 0I8uw0ELYj4 | [CS431 - Chương 4] Part 2: Sử dụng mạng huấn luyện sẵn
⚠ API failed → Whisper
✓ Whisper transcript OK

>>> VIDEO 33/70: RVFApjx4KKI | [CS431 - Chương 5] Part 1-2: Ứng dụng trong bài toán phân loại và bài toán truy vấn ảnh
⚠ API failed → Whisper
✓ Whisper transcript OK

>>> VIDEO 34/70: Til9AdPO7JE | [CS431 - Chương 5] Part 3: Ứng dụng mạng CNN cho bài toán Phát hiện đối tượng
⚠ API failed → Whisper
✓ Whisper transcript OK

>>> VIDEO 35/70: 4p0L74qD7Lg | [CS431 - Chương 5] Part 4: Ứng dụng mạng CNN cho bài toán Phân đoạn ngữ nghĩa đối tượng
⚠ API failed → Whisper
✓ Whisper transcript OK

>>> VIDEO 36/70: _KvZN8-SyvQ | [CS431 - Chương 7] Part 1: Giới thiệu mạng RNN - Xử lý dữ liệu dạng chuỗi
⚠ API failed → Whisper
✓ Whisper transcript OK

>>> VIDEO 37/70: TqKBlC-zyKY | [CS431 - Chương 7] Part 2_1: Kiến trúc mạng RNN
⚠ API failed → Whisper
✓ Whisper transcript OK

>>> VIDEO 38/70: ptwSPTt2XnM | [CS431 - Chương 7] Part 2_2: Kiến trúc mạng RNN
⚠ API failed → Whisper
✓ Whisper transcript OK

>>> VIDEO 39/70: 8-3xv_NElG0 | [CS431 - Chương 7] Part 3_1: Một số vấn đề của mạng RNN
⚠ API failed → Whisper
✓ Whisper transcript OK

>>> VIDEO 40/70: IKD0O35NOUI | [CS431 - Chương 7] Part 3_2: Một số vấn đề của mạng RNN
⚠ API failed → Whisper
✓ Whisper transcript OK

>>> VIDEO 41/70: qJj_LY1r91U | [CS431 - Chương 8] Part 1_1: Một số biến thể của RNN: LSTM
⚠ API failed → Whisper
✓ Whisper transcript OK

>>> VIDEO 42/70: _Km_A2iRUds | [CS431 - Chương 8] Part 1_2: Một số biến thể của RNN: LSTM
⚠ API failed → Whisper
✓ Whisper transcript OK

>>> VIDEO 43/70: _Cu7kGoRaE0 | [CS431 - Chương 8] Part 2: Một số biến thể của RNN: Bidirectional RNN
⚠ API failed → Whisper
✓ Whisper transcript OK

>>> VIDEO 44/70: KjPEqyGCtUs | [CS431 - Chương 8] Part 3: Một số biến thể của RNN: Deep Stacked RNN
⚠ API failed → Whisper
✓ Whisper transcript OK

>>> VIDEO 45/70: 0DGe4fjr1aw | [CS431 - Chương 8] Part 4_1: Hướng dẫn lập trình với kiến trúc mạng RNN và LSTM
⚠ API failed → Whisper
✓ Whisper transcript OK

>>> VIDEO 46/70: wKMBVF_bJdw | [CS431 - Chương 8] Part 4_2: Hướng dẫn lập trình với kiến trúc mạng RNN và LSTM
⚠ API failed → Whisper
✓ Whisper transcript OK

>>> VIDEO 47/70: 4EdX3Ga9YoM | [CS431 - Chương 9] Part 1_1: Giới thiệu bài toán Dịch máy
⚠ API failed → Whisper
✓ Whisper transcript OK

>>> VIDEO 48/70: --JpgsDEL40 | [CS431 - Chương 9] Part 1_2: Giới thiệu bài toán Dịch máy
⚠ API failed → Whisper
✓ Whisper transcript OK

>>> VIDEO 49/70: ROIgZ5tyDFo | [CS431 - Chương 9] Part 2_1: Cơ chế Attention trong Sequence-to-Sequence
⚠ API failed → Whisper
✓ Whisper transcript OK

>>> VIDEO 50/70: S8__bXkLSbM | [CS431 - Chương 9] Part 2_2: Cơ chế Attention trong Sequence-to-Sequence
⚠ API failed → Whisper
✓ Whisper transcript OK

>>> VIDEO 51/70: my3qRjVJ7VM | [CS431 - Chương 9] Part 3: Một số biến thể của Attention
⚠ API failed → Whisper
✓ Whisper transcript OK

>>> VIDEO 52/70: 1tCmeHf1Xk0 | [CS431 - Chương 10] Part 1: Ôn tập kiến trúc mạng RNN và cơ chế Attention
⚠ API failed → Whisper
✓ Whisper transcript OK

>>> VIDEO 53/70: 5DE5HXG8FWk | [CS431 - Chương 10] Part 2: Động lực của kiến trúc Transformer
⚠ API failed → Whisper
✓ Whisper transcript OK

>>> VIDEO 54/70: NsWX_5oV8bY | [CS431 - Chương 10] Part 3: Cơ chế Self-Attention
⚠ API failed → Whisper
✓ Whisper transcript OK

>>> VIDEO 55/70: jKnjyvvXzXI | [CS431 - Chương 10] Part 5: Kiến trúc Transformer: Bộ Decoder
⚠ API failed → Whisper
✓ Whisper transcript OK

>>> VIDEO 56/70: fEGw6eEre2I | [CS431 - Chương 10] Part 6: Một số vấn đề của Transformer
⚠ API failed → Whisper
✓ Whisper transcript OK

>>> VIDEO 57/70: iMfkIHkU6NM | [CS431 - Chương 10] Part 7: Một số ứng dụng của kiến trúc mạng Transformer
⚠ API failed → Whisper
✓ Whisper transcript OK

>>> VIDEO 58/70: 30kCjQ0BdUc | [CS431 - Chương 6] Part 1: Giới thiệu lĩnh vực xử lý ngôn ngữ tự nhiên (NLP)
⚠ API failed → Whisper
✓ Whisper transcript OK

>>> VIDEO 59/70: utOha-d0prc | [CS431 - Chương 6] Part 2: Hướng tiếp cận Deep learning cho các bài toán NLP
⚠ API failed → Whisper
✓ Whisper transcript OK

>>> VIDEO 60/70: O57P9YHZOE0 | [CS431 - Chương 6] Part 3: Biểu diễn từ bằng Vector
⚠ API failed → Whisper
✓ Whisper transcript OK

>>> VIDEO 61/70: UJNyIptbcNM | [CS431 - Chương 6] Part 4_1: Mô hình Word2Vec
⚠ API failed → Whisper
✓ Whisper transcript OK

>>> VIDEO 62/70: AkHEcgasvkw | [CS431 - Chương 6] Part 4_2: Mô hình Word2Vec
⚠ API failed → Whisper
✓ Whisper transcript OK

>>> VIDEO 63/70: WAiLM7OFU9A | [CS431 - Chương 6] Part 5_1: Hướng dẫn lập trình với Word2Vec
⚠ API failed → Whisper
✓ Whisper transcript OK

>>> VIDEO 64/70: UfLLBOPvgOU | [CS431 - Chương 6] Part 5_2: Hướng dẫn lập trình với Word2Vec
⚠ API failed → Whisper
✓ Whisper transcript OK

>>> VIDEO 65/70: sPoJ8VS7nLc | [CS431 - Chương 2] Part 2b_1: Cài đặt mô hình linear regression
⚠ API failed → Whisper
✓ Whisper transcript OK

>>> VIDEO 66/70: sPqwytzfxqM | [CS431 - Chương 2] Part 2b_2: Cài đặt mô hình linear regression
⚠ API failed → Whisper
✓ Whisper transcript OK

>>> VIDEO 67/70: CqnM7BT7oSU | [CS431 - Chương 2] Part 2b_3: Cài đặt mô hình linear regression
⚠ API failed → Whisper
✓ Whisper transcript OK

>>> VIDEO 68/70: UXxELgk5Vws | [CS431 - Chương 10] Part 4_1: Kiến trúc Transformer: Bộ Encoder
⚠ API failed → Whisper
✓ Whisper transcript OK

>>> VIDEO 69/70: JGxo_olUl2U | [CS431 - Chương 10] Part 4_2: Kiến trúc Transformer: Bộ Encoder
⚠ API failed → Whisper
✓ Whisper transcript OK

>>> VIDEO 70/70: 7AZr_li6ZtA | [CS431 - Chương 2] Part 4_3: Kiến trúc Transformer: Bộ Encoder
⚠ API failed → Whisper
✓ Whisper transcript OK

=== Done 2025-11-18 07:39:14.120826 | success=70, fail=0 ===
